2023-04-13 17:48:56,007 <whatsapp_api_client_python.response.Response object at 0x0000023A73FBA110>
2023-04-13 17:48:56,007 {'typeWebhook': 'incomingMessageReceived', 'instanceData': {'idInstance': 1101807848, 'wid': '79780889999@c.us', 'typeInstance': 'whatsapp'}, 'timestamp': 1681397335, 'idMessage': '3A4294A3423C273652C7', 'senderData': {'chatId': '79502213750@c.us', 'sender': '79502213750@c.us', 'senderName': 'Никита Радзюк'}, 'messageData': {'typeMessage': 'textMessage', 'textMessageData': {'textMessage': '4'}}}
2023-04-13 17:54:21,283 <whatsapp_api_client_python.response.Response object at 0x0000023A71B2ECD0>
2023-04-13 17:54:21,283 {'typeWebhook': 'incomingMessageReceived', 'instanceData': {'idInstance': 1101807848, 'wid': '79780889999@c.us', 'typeInstance': 'whatsapp'}, 'timestamp': 1681397660, 'idMessage': 'CB56FCFB1A84082E8112BE7E13637BDE', 'senderData': {'chatId': '79782560208@c.us', 'sender': '79782560208@c.us', 'senderName': 'Натали'}, 'messageData': {'typeMessage': 'textMessage', 'textMessageData': {'textMessage': '3'}}}
2023-04-13 17:55:26,442 <whatsapp_api_client_python.response.Response object at 0x0000023A71721150>
2023-04-13 17:55:26,442 {'typeWebhook': 'incomingMessageReceived', 'instanceData': {'idInstance': 1101807848, 'wid': '79780889999@c.us', 'typeInstance': 'whatsapp'}, 'timestamp': 1681397665, 'idMessage': 'D5126E563AFF2C34FD2FCA8F23F9847B', 'senderData': {'chatId': '79782560208@c.us', 'sender': '79782560208@c.us', 'senderName': 'Натали'}, 'messageData': {'typeMessage': 'textMessage', 'textMessageData': {'textMessage': '2'}}}
2023-04-13 17:55:38,476 <whatsapp_api_client_python.response.Response object at 0x0000028D3FFB7510>
2023-04-13 17:55:38,476 {'typeWebhook': 'incomingMessageReceived', 'instanceData': {'idInstance': 1101807848, 'wid': '79780889999@c.us', 'typeInstance': 'whatsapp'}, 'timestamp': 1681397665, 'idMessage': 'D5126E563AFF2C34FD2FCA8F23F9847B', 'senderData': {'chatId': '79782560208@c.us', 'sender': '79782560208@c.us', 'senderName': 'Натали'}, 'messageData': {'typeMessage': 'textMessage', 'textMessageData': {'textMessage': '2'}}}
2023-04-13 17:55:41,329 <whatsapp_api_client_python.response.Response object at 0x0000028D40289E90>
2023-04-13 17:55:41,329 {'typeWebhook': 'incomingMessageReceived', 'instanceData': {'idInstance': 1101807848, 'wid': '79780889999@c.us', 'typeInstance': 'whatsapp'}, 'timestamp': 1681397678, 'idMessage': '8C06614BC51A36E45284B2B32C42083A', 'senderData': {'chatId': '79782560208@c.us', 'sender': '79782560208@c.us', 'senderName': 'Натали'}, 'messageData': {'typeMessage': 'textMessage', 'textMessageData': {'textMessage': '2'}}}
2023-04-13 17:56:27,409 <whatsapp_api_client_python.response.Response object at 0x0000028D3FD7A890>
2023-04-13 17:56:27,409 {'typeWebhook': 'incomingMessageReceived', 'instanceData': {'idInstance': 1101807848, 'wid': '79780889999@c.us', 'typeInstance': 'whatsapp'}, 'timestamp': 1681397786, 'idMessage': '3A24D64B1C3E7DBAE254', 'senderData': {'chatId': '79891690355@c.us', 'sender': '79891690355@c.us', 'senderName': 'Shuvalowa_Di'}, 'messageData': {'typeMessage': 'textMessage', 'textMessageData': {'textMessage': '5'}}}
2023-04-13 17:56:33,644 <whatsapp_api_client_python.response.Response object at 0x0000028D3FF5C750>
2023-04-13 17:56:33,644 {'typeWebhook': 'incomingMessageReceived', 'instanceData': {'idInstance': 1101807848, 'wid': '79780889999@c.us', 'typeInstance': 'whatsapp'}, 'timestamp': 1681397792, 'idMessage': '3A042C479C94D0CC2A8C', 'senderData': {'chatId': '79891690355@c.us', 'sender': '79891690355@c.us', 'senderName': 'Shuvalowa_Di'}, 'messageData': {'typeMessage': 'textMessage', 'textMessageData': {'textMessage': '1'}}}
2023-04-13 17:56:37,721 <whatsapp_api_client_python.response.Response object at 0x0000028D3FDD7E50>
2023-04-13 17:56:37,721 {'typeWebhook': 'incomingMessageReceived', 'instanceData': {'idInstance': 1101807848, 'wid': '79780889999@c.us', 'typeInstance': 'whatsapp'}, 'timestamp': 1681397797, 'idMessage': '3A20C7012ECDBE80343D', 'senderData': {'chatId': '79891690355@c.us', 'sender': '79891690355@c.us', 'senderName': 'Shuvalowa_Di'}, 'messageData': {'typeMessage': 'textMessage', 'textMessageData': {'textMessage': '2'}}}
2023-04-13 17:56:42,641 <whatsapp_api_client_python.response.Response object at 0x0000028D3FF5C750>
2023-04-13 17:56:42,641 {'typeWebhook': 'incomingMessageReceived', 'instanceData': {'idInstance': 1101807848, 'wid': '79780889999@c.us', 'typeInstance': 'whatsapp'}, 'timestamp': 1681397802, 'idMessage': '3A985EAB96C32B79753F', 'senderData': {'chatId': '79891690355@c.us', 'sender': '79891690355@c.us', 'senderName': 'Shuvalowa_Di'}, 'messageData': {'typeMessage': 'textMessage', 'textMessageData': {'textMessage': '3'}}}
2023-04-13 17:56:47,625 <whatsapp_api_client_python.response.Response object at 0x0000028D3D747E50>
2023-04-13 17:56:47,626 {'typeWebhook': 'incomingMessageReceived', 'instanceData': {'idInstance': 1101807848, 'wid': '79780889999@c.us', 'typeInstance': 'whatsapp'}, 'timestamp': 1681397807, 'idMessage': '3A8F6BFBE8BD016B16C4', 'senderData': {'chatId': '79891690355@c.us', 'sender': '79891690355@c.us', 'senderName': 'Shuvalowa_Di'}, 'messageData': {'typeMessage': 'textMessage', 'textMessageData': {'textMessage': '4'}}}
2023-04-13 17:58:30,529 <whatsapp_api_client_python.response.Response object at 0x0000028D3FF5C750>
2023-04-13 17:58:30,529 {'typeWebhook': 'incomingMessageReceived', 'instanceData': {'idInstance': 1101807848, 'wid': '79780889999@c.us', 'typeInstance': 'whatsapp'}, 'timestamp': 1681397909, 'idMessage': '3AF9A531D9968E74AF2C', 'senderData': {'chatId': '79502213750@c.us', 'sender': '79502213750@c.us', 'senderName': 'Никита Радзюк'}, 'messageData': {'typeMessage': 'textMessage', 'textMessageData': {'textMessage': '4'}}}
2023-04-13 18:00:18,348 <whatsapp_api_client_python.response.Response object at 0x00000148C3049310>
2023-04-13 18:00:18,349 {'typeWebhook': 'incomingMessageReceived', 'instanceData': {'idInstance': 1101807848, 'wid': '79780889999@c.us', 'typeInstance': 'whatsapp'}, 'timestamp': 1681398017, 'idMessage': '3A2FC845AC306F390D15', 'senderData': {'chatId': '79502213750@c.us', 'sender': '79502213750@c.us', 'senderName': 'Никита Радзюк'}, 'messageData': {'typeMessage': 'textMessage', 'textMessageData': {'textMessage': '4'}}}
2023-04-16 13:19:02,348 <whatsapp_api_client_python.response.Response object at 0x0000027FD6F19550>
2023-04-16 13:19:02,348 {'typeWebhook': 'incomingMessageReceived', 'instanceData': {'idInstance': 1101807848, 'wid': '79780889999@c.us', 'typeInstance': 'whatsapp'}, 'timestamp': 1681562414, 'idMessage': '3EB0C627346F7AF873BE19', 'senderData': {'chatId': '79133900426@c.us', 'sender': '79133900426@c.us', 'senderName': 'Сервис меркетинга в мессенджерах'}, 'messageData': {'typeMessage': 'textMessage', 'textMessageData': {'textMessage': 'Код подтверждения: 5274'}}}
2023-04-16 13:19:04,674 <whatsapp_api_client_python.response.Response object at 0x0000027FD6AC7E50>
2023-04-16 13:19:04,674 {'typeWebhook': 'incomingMessageReceived', 'instanceData': {'idInstance': 1101807848, 'wid': '79780889999@c.us', 'typeInstance': 'whatsapp'}, 'timestamp': 1681562414, 'idMessage': '3EB0C627346F7AF873BE19', 'senderData': {'chatId': '79133900426@c.us', 'sender': '79133900426@c.us', 'senderName': 'Сервис меркетинга в мессенджерах'}, 'messageData': {'typeMessage': 'textMessage', 'textMessageData': {'textMessage': 'Код подтверждения: 5274'}}}
2023-04-16 13:19:06,623 <whatsapp_api_client_python.response.Response object at 0x0000027FD6AC6CD0>
2023-04-16 13:19:06,623 {'typeWebhook': 'incomingMessageReceived', 'instanceData': {'idInstance': 1101807848, 'wid': '79780889999@c.us', 'typeInstance': 'whatsapp'}, 'timestamp': 1681562414, 'idMessage': '3EB0C627346F7AF873BE19', 'senderData': {'chatId': '79133900426@c.us', 'sender': '79133900426@c.us', 'senderName': 'Сервис меркетинга в мессенджерах'}, 'messageData': {'typeMessage': 'textMessage', 'textMessageData': {'textMessage': 'Код подтверждения: 5274'}}}
2023-04-16 13:19:09,173 <whatsapp_api_client_python.response.Response object at 0x0000027FD4477E50>
2023-04-16 13:19:09,174 {'typeWebhook': 'incomingMessageReceived', 'instanceData': {'idInstance': 1101807848, 'wid': '79780889999@c.us', 'typeInstance': 'whatsapp'}, 'timestamp': 1681562927, 'idMessage': '3EB0C9D991B5142EC8A815', 'senderData': {'chatId': '79133900426@c.us', 'sender': '79133900426@c.us', 'senderName': 'Сервис меркетинга в мессенджерах'}, 'messageData': {'typeMessage': 'textMessage', 'textMessageData': {'textMessage': 'Запущена рассылка "ОС за 14.04.2023" с номера 79780889999.'}}}
2023-04-16 13:19:11,040 <whatsapp_api_client_python.response.Response object at 0x0000027FD6C873D0>
2023-04-16 13:19:11,040 {'typeWebhook': 'incomingMessageReceived', 'instanceData': {'idInstance': 1101807848, 'wid': '79780889999@c.us', 'typeInstance': 'whatsapp'}, 'timestamp': 1681562927, 'idMessage': '3EB0C9D991B5142EC8A815', 'senderData': {'chatId': '79133900426@c.us', 'sender': '79133900426@c.us', 'senderName': 'Сервис меркетинга в мессенджерах'}, 'messageData': {'typeMessage': 'textMessage', 'textMessageData': {'textMessage': 'Запущена рассылка "ОС за 14.04.2023" с номера 79780889999.'}}}
2023-04-16 13:19:13,355 <whatsapp_api_client_python.response.Response object at 0x0000027FD4425250>
2023-04-16 13:19:13,355 {'typeWebhook': 'incomingMessageReceived', 'instanceData': {'idInstance': 1101807848, 'wid': '79780889999@c.us', 'typeInstance': 'whatsapp'}, 'timestamp': 1681562927, 'idMessage': '3EB0C9D991B5142EC8A815', 'senderData': {'chatId': '79133900426@c.us', 'sender': '79133900426@c.us', 'senderName': 'Сервис меркетинга в мессенджерах'}, 'messageData': {'typeMessage': 'textMessage', 'textMessageData': {'textMessage': 'Запущена рассылка "ОС за 14.04.2023" с номера 79780889999.'}}}
2023-04-16 13:19:15,341 <whatsapp_api_client_python.response.Response object at 0x0000027FD6C873D0>
2023-04-16 13:19:15,341 {'typeWebhook': 'incomingMessageReceived', 'instanceData': {'idInstance': 1101807848, 'wid': '79780889999@c.us', 'typeInstance': 'whatsapp'}, 'timestamp': 1681562927, 'idMessage': '3EB0C9D991B5142EC8A815', 'senderData': {'chatId': '79133900426@c.us', 'sender': '79133900426@c.us', 'senderName': 'Сервис меркетинга в мессенджерах'}, 'messageData': {'typeMessage': 'textMessage', 'textMessageData': {'textMessage': 'Запущена рассылка "ОС за 14.04.2023" с номера 79780889999.'}}}
2023-04-16 13:19:47,424 <whatsapp_api_client_python.response.Response object at 0x0000027FD6A7AC50>
2023-04-16 13:19:47,424 {'typeWebhook': 'incomingMessageReceived', 'instanceData': {'idInstance': 1101807848, 'wid': '79780889999@c.us', 'typeInstance': 'whatsapp'}, 'timestamp': 1681564197, 'idMessage': '3A66B58AA7B08F0C4554', 'senderData': {'chatId': '79782457850@c.us', 'sender': '79782457850@c.us', 'senderName': 'Александр'}, 'messageData': {'typeMessage': 'textMessage', 'textMessageData': {'textMessage': 'Все вкусно - 5'}}}
2023-04-16 13:20:03,689 <whatsapp_api_client_python.response.Response object at 0x0000027FD6C873D0>
2023-04-16 13:20:03,689 {'typeWebhook': 'incomingMessageReceived', 'instanceData': {'idInstance': 1101807848, 'wid': '79780889999@c.us', 'typeInstance': 'whatsapp'}, 'timestamp': 1681564981, 'idMessage': '3ADD70E919E58114355D', 'senderData': {'chatId': '79788283974@c.us', 'sender': '79788283974@c.us', 'senderName': 'Дарья'}, 'messageData': {'typeMessage': 'textMessage', 'textMessageData': {'textMessage': '5'}}}
2023-04-16 13:20:17,684 <whatsapp_api_client_python.response.Response object at 0x0000027FD6AC4E10>
2023-04-16 13:20:17,684 {'typeWebhook': 'incomingMessageReceived', 'instanceData': {'idInstance': 1101807848, 'wid': '79780889999@c.us', 'typeInstance': 'whatsapp'}, 'timestamp': 1681565351, 'idMessage': '67EBD230EE535535DFE78A12C8527A17', 'senderData': {'chatId': '79789783967@c.us', 'sender': '79789783967@c.us', 'senderName': 'Anna ZOTOVA'}, 'messageData': {'typeMessage': 'textMessage', 'textMessageData': {'textMessage': '5'}}}
2023-04-16 13:20:25,427 <whatsapp_api_client_python.response.Response object at 0x0000027FD6C95110>
2023-04-16 13:20:25,428 {'typeWebhook': 'incomingMessageReceived', 'instanceData': {'idInstance': 1101807848, 'wid': '79780889999@c.us', 'typeInstance': 'whatsapp'}, 'timestamp': 1681565565, 'idMessage': '733DD975C3635093F3B82977ED478581', 'senderData': {'chatId': '79196316509@c.us', 'sender': '79196316509@c.us', 'senderName': 'Мария Тришкина'}, 'messageData': {'typeMessage': 'textMessage', 'textMessageData': {'textMessage': '5'}}}
2023-04-16 13:20:36,642 <whatsapp_api_client_python.response.Response object at 0x0000027FD6F19890>
2023-04-16 13:20:36,642 {'typeWebhook': 'incomingMessageReceived', 'instanceData': {'idInstance': 1101807848, 'wid': '79780889999@c.us', 'typeInstance': 'whatsapp'}, 'timestamp': 1681566481, 'idMessage': '920DF1E697F368B286C05A134B97386F', 'senderData': {'chatId': '79270760616@c.us', 'sender': '79270760616@c.us', 'senderName': 'Светлана'}, 'messageData': {'typeMessage': 'textMessage', 'textMessageData': {'textMessage': '5'}}}
2023-04-16 13:20:44,894 <whatsapp_api_client_python.response.Response object at 0x0000027FD6AC4E10>
2023-04-16 13:20:44,894 {'typeWebhook': 'incomingMessageReceived', 'instanceData': {'idInstance': 1101807848, 'wid': '79780889999@c.us', 'typeInstance': 'whatsapp'}, 'timestamp': 1681566679, 'idMessage': '3AE82D7BCCD36449CDE1', 'senderData': {'chatId': '79785636484@c.us', 'sender': '79785636484@c.us', 'senderName': 'Кафешчян Лилит'}, 'messageData': {'typeMessage': 'textMessage', 'textMessageData': {'textMessage': '5'}}}
2023-04-16 13:20:48,655 <whatsapp_api_client_python.response.Response object at 0x0000027FD6F33250>
2023-04-16 13:20:48,655 {'typeWebhook': 'incomingMessageReceived', 'instanceData': {'idInstance': 1101807848, 'wid': '79780889999@c.us', 'typeInstance': 'whatsapp'}, 'timestamp': 1681566727, 'idMessage': '3A43B2194175C986AE5CCE0CB0711893', 'senderData': {'chatId': '79785881625@c.us', 'sender': '79785881625@c.us', 'senderName': 'Юлия'}, 'messageData': {'typeMessage': 'textMessage', 'textMessageData': {'textMessage': '5'}}}
2023-04-16 13:20:54,376 <whatsapp_api_client_python.response.Response object at 0x0000027FD6F198D0>
2023-04-16 13:20:54,376 {'typeWebhook': 'incomingMessageReceived', 'instanceData': {'idInstance': 1101807848, 'wid': '79780889999@c.us', 'typeInstance': 'whatsapp'}, 'timestamp': 1681566790, 'idMessage': '3A85BA69285BB2B78E1C', 'senderData': {'chatId': '79787493422@c.us', 'sender': '79787493422@c.us', 'senderName': 'Александра Филина'}, 'messageData': {'typeMessage': 'textMessage', 'textMessageData': {'textMessage': '5'}}}
2023-04-16 13:21:01,065 <whatsapp_api_client_python.response.Response object at 0x0000027FD6F19B90>
2023-04-16 13:21:01,066 {'typeWebhook': 'incomingMessageReceived', 'instanceData': {'idInstance': 1101807848, 'wid': '79780889999@c.us', 'typeInstance': 'whatsapp'}, 'timestamp': 1681566900, 'idMessage': '71CBD7F9818A58F5FE2907580FD95B87', 'senderData': {'chatId': '79788548058@c.us', 'sender': '79788548058@c.us', 'senderName': 'Афанасьев Дмитрий'}, 'messageData': {'typeMessage': 'textMessage', 'textMessageData': {'textMessage': '4'}}}
2023-04-16 13:21:03,324 <whatsapp_api_client_python.response.Response object at 0x0000027FD6F1BED0>
2023-04-16 13:21:03,324 {'typeWebhook': 'incomingMessageReceived', 'instanceData': {'idInstance': 1101807848, 'wid': '79780889999@c.us', 'typeInstance': 'whatsapp'}, 'timestamp': 1681566901, 'idMessage': '3AF0A110D97DE221A185', 'senderData': {'chatId': '79788502890@c.us', 'sender': '79788502890@c.us', 'senderName': 'Ирина Кобякова'}, 'messageData': {'typeMessage': 'textMessage', 'textMessageData': {'textMessage': '5'}}}
2023-04-16 13:21:15,579 <whatsapp_api_client_python.response.Response object at 0x0000027FD6F19ED0>
2023-04-16 13:21:15,580 {'typeWebhook': 'incomingMessageReceived', 'instanceData': {'idInstance': 1101807848, 'wid': '79780889999@c.us', 'typeInstance': 'whatsapp'}, 'timestamp': 1681567174, 'idMessage': '0AF5BC8778D2119EF4F179E66890783C', 'senderData': {'chatId': '79170266459@c.us', 'sender': '79170266459@c.us', 'senderName': 'Косметолог-эстетист'}, 'messageData': {'typeMessage': 'textMessage', 'textMessageData': {'textMessage': '5 \U0001f496'}}}
2023-04-16 13:21:25,929 <whatsapp_api_client_python.response.Response object at 0x0000027FD6F19450>
2023-04-16 13:21:25,929 {'typeWebhook': 'incomingMessageReceived', 'instanceData': {'idInstance': 1101807848, 'wid': '79780889999@c.us', 'typeInstance': 'whatsapp'}, 'timestamp': 1681567779, 'idMessage': '438BEF34B5CCE701971B0240AB291093', 'senderData': {'chatId': '79789967408@c.us', 'sender': '79789967408@c.us', 'senderName': 'Хозяин MF'}, 'messageData': {'typeMessage': 'textMessage', 'textMessageData': {'textMessage': '5'}}}
2023-04-16 13:21:33,379 <whatsapp_api_client_python.response.Response object at 0x0000027FD6F19410>
2023-04-16 13:21:33,379 {'typeWebhook': 'incomingMessageReceived', 'instanceData': {'idInstance': 1101807848, 'wid': '79780889999@c.us', 'typeInstance': 'whatsapp'}, 'timestamp': 1681568142, 'idMessage': '5DB0CC3C9F9F1A81F81B3626B47A68AC', 'senderData': {'chatId': '79788894921@c.us', 'sender': '79788894921@c.us', 'senderName': 'Диана'}, 'messageData': {'typeMessage': 'textMessage', 'textMessageData': {'textMessage': 'Добрый день! Оценка - 5.\nКачеством еды, её внешним видом и комплектацией заказа осталась довольна. Спасибо за такой вкусный праздничный ужин! Увы, сфотографировать не успели, настолько всё было вкусно \u263a\ufe0f'}}}
2023-04-16 13:21:39,657 <whatsapp_api_client_python.response.Response object at 0x0000027FD6F19E90>
2023-04-16 13:21:39,657 {'typeWebhook': 'incomingMessageReceived', 'instanceData': {'idInstance': 1101807848, 'wid': '79780889999@c.us', 'typeInstance': 'whatsapp'}, 'timestamp': 1681568271, 'idMessage': '3A6702A88C081A8E2F99', 'senderData': {'chatId': '79787425992@c.us', 'sender': '79787425992@c.us', 'senderName': 'Юлия'}, 'messageData': {'typeMessage': 'textMessage', 'textMessageData': {'textMessage': '5\U0001f44d\U0001f3fb'}}}
2023-04-16 13:21:44,606 <whatsapp_api_client_python.response.Response object at 0x0000027FD6F31FD0>
2023-04-16 13:21:44,607 {'typeWebhook': 'incomingMessageReceived', 'instanceData': {'idInstance': 1101807848, 'wid': '79780889999@c.us', 'typeInstance': 'whatsapp'}, 'timestamp': 1681568377, 'idMessage': '29409484692DA3FF29F87EBB9EA975DB', 'senderData': {'chatId': '79782827414@c.us', 'sender': '79782827414@c.us', 'senderName': 'nikitasavenkov62'}, 'messageData': {'typeMessage': 'textMessage', 'textMessageData': {'textMessage': '5'}}}
2023-04-16 13:21:53,919 <whatsapp_api_client_python.response.Response object at 0x0000027FD6F195D0>
2023-04-16 13:21:53,920 {'typeWebhook': 'incomingMessageReceived', 'instanceData': {'idInstance': 1101807848, 'wid': '79780889999@c.us', 'typeInstance': 'whatsapp'}, 'timestamp': 1681568553, 'idMessage': '1D57006CF60F3B3BCB84D5A3357F2D92', 'senderData': {'chatId': '79785611611@c.us', 'sender': '79785611611@c.us', 'senderName': 'Николай Прищепа'}, 'messageData': {'typeMessage': 'textMessage', 'textMessageData': {'textMessage': 'Всегда 5. \nПравда в последний раз не было обозначений где перченое, а где нет. Я указывал в заказе один рамен не перчить.'}}}
2023-04-16 13:21:57,509 <whatsapp_api_client_python.response.Response object at 0x0000027FD6F19690>
2023-04-16 13:21:57,510 {'typeWebhook': 'incomingMessageReceived', 'instanceData': {'idInstance': 1101807848, 'wid': '79780889999@c.us', 'typeInstance': 'whatsapp'}, 'timestamp': 1681568572, 'idMessage': '41EEEAC5199BB2FAEF1F17C39603FE82', 'senderData': {'chatId': '79782827414@c.us', 'sender': '79782827414@c.us', 'senderName': 'nikitasavenkov62'}, 'messageData': {'typeMessage': 'textMessage', 'textMessageData': {'textMessage': 'https://yandex.com/web-maps/org/178435528058/reviews?reviews[publicId]=fd3ed6w1n7e8j8fpcu9bjahvfc&utm_source=my_review'}}}
2023-04-16 13:21:59,391 <whatsapp_api_client_python.response.Response object at 0x0000027FD6F1AF10>
2023-04-16 13:21:59,391 {'typeWebhook': 'incomingMessageReceived', 'instanceData': {'idInstance': 1101807848, 'wid': '79780889999@c.us', 'typeInstance': 'whatsapp'}, 'timestamp': 1681568572, 'idMessage': '41EEEAC5199BB2FAEF1F17C39603FE82', 'senderData': {'chatId': '79782827414@c.us', 'sender': '79782827414@c.us', 'senderName': 'nikitasavenkov62'}, 'messageData': {'typeMessage': 'textMessage', 'textMessageData': {'textMessage': 'https://yandex.com/web-maps/org/178435528058/reviews?reviews[publicId]=fd3ed6w1n7e8j8fpcu9bjahvfc&utm_source=my_review'}}}
2023-04-16 13:22:01,221 <whatsapp_api_client_python.response.Response object at 0x0000027FD6F19C50>
2023-04-16 13:22:01,221 {'typeWebhook': 'incomingMessageReceived', 'instanceData': {'idInstance': 1101807848, 'wid': '79780889999@c.us', 'typeInstance': 'whatsapp'}, 'timestamp': 1681568572, 'idMessage': '41EEEAC5199BB2FAEF1F17C39603FE82', 'senderData': {'chatId': '79782827414@c.us', 'sender': '79782827414@c.us', 'senderName': 'nikitasavenkov62'}, 'messageData': {'typeMessage': 'textMessage', 'textMessageData': {'textMessage': 'https://yandex.com/web-maps/org/178435528058/reviews?reviews[publicId]=fd3ed6w1n7e8j8fpcu9bjahvfc&utm_source=my_review'}}}
2023-04-16 13:22:03,109 <whatsapp_api_client_python.response.Response object at 0x0000027FD6F1AF10>
2023-04-16 13:22:03,109 {'typeWebhook': 'incomingMessageReceived', 'instanceData': {'idInstance': 1101807848, 'wid': '79780889999@c.us', 'typeInstance': 'whatsapp'}, 'timestamp': 1681568572, 'idMessage': '41EEEAC5199BB2FAEF1F17C39603FE82', 'senderData': {'chatId': '79782827414@c.us', 'sender': '79782827414@c.us', 'senderName': 'nikitasavenkov62'}, 'messageData': {'typeMessage': 'textMessage', 'textMessageData': {'textMessage': 'https://yandex.com/web-maps/org/178435528058/reviews?reviews[publicId]=fd3ed6w1n7e8j8fpcu9bjahvfc&utm_source=my_review'}}}
2023-04-16 13:22:04,875 <whatsapp_api_client_python.response.Response object at 0x0000027FD6F19C50>
2023-04-16 13:22:04,875 {'typeWebhook': 'incomingMessageReceived', 'instanceData': {'idInstance': 1101807848, 'wid': '79780889999@c.us', 'typeInstance': 'whatsapp'}, 'timestamp': 1681568572, 'idMessage': '41EEEAC5199BB2FAEF1F17C39603FE82', 'senderData': {'chatId': '79782827414@c.us', 'sender': '79782827414@c.us', 'senderName': 'nikitasavenkov62'}, 'messageData': {'typeMessage': 'textMessage', 'textMessageData': {'textMessage': 'https://yandex.com/web-maps/org/178435528058/reviews?reviews[publicId]=fd3ed6w1n7e8j8fpcu9bjahvfc&utm_source=my_review'}}}
2023-04-16 13:22:08,453 <whatsapp_api_client_python.response.Response object at 0x0000027FD6F1B410>
2023-04-16 13:22:08,453 {'typeWebhook': 'incomingMessageReceived', 'instanceData': {'idInstance': 1101807848, 'wid': '79780889999@c.us', 'typeInstance': 'whatsapp'}, 'timestamp': 1681568592, 'idMessage': '4FD6039806079F96362F6E571F57114F', 'senderData': {'chatId': '79780970065@c.us', 'sender': '79780970065@c.us', 'senderName': 'Оксана Кацуба'}, 'messageData': {'typeMessage': 'textMessage', 'textMessageData': {'textMessage': '5'}}}
2023-04-16 13:22:10,564 <whatsapp_api_client_python.response.Response object at 0x0000027FD6F19890>
2023-04-16 13:22:10,564 {'typeWebhook': 'incomingMessageReceived', 'instanceData': {'idInstance': 1101807848, 'wid': '79780889999@c.us', 'typeInstance': 'whatsapp'}, 'timestamp': 1681568594, 'idMessage': '3A54426FD14F52EC6D70', 'senderData': {'chatId': '79885826265@c.us', 'sender': '79885826265@c.us', 'senderName': 'Владлена'}, 'messageData': {'typeMessage': 'textMessage', 'textMessageData': {'textMessage': '5!'}}}
2023-04-16 13:22:24,162 <whatsapp_api_client_python.response.Response object at 0x0000027FD6F1B410>
2023-04-16 13:22:24,163 {'typeWebhook': 'incomingMessageReceived', 'instanceData': {'idInstance': 1101807848, 'wid': '79780889999@c.us', 'typeInstance': 'whatsapp'}, 'timestamp': 1681568777, 'idMessage': '46FDD2A87D9F6B08BBED045166582DCA', 'senderData': {'chatId': '79787274052@c.us', 'sender': '79787274052@c.us', 'senderName': 'Александра'}, 'messageData': {'typeMessage': 'textMessage', 'textMessageData': {'textMessage': 'Мне очень нравится ваш сервис! 5 +'}}}
2023-04-16 13:22:34,339 <whatsapp_api_client_python.response.Response object at 0x0000027FD6F19550>
2023-04-16 13:22:34,339 {'typeWebhook': 'incomingMessageReceived', 'instanceData': {'idInstance': 1101807848, 'wid': '79780889999@c.us', 'typeInstance': 'whatsapp'}, 'timestamp': 1681568884, 'idMessage': '3A9E9938812228E7F7E3', 'senderData': {'chatId': '79885693211@c.us', 'sender': '79885693211@c.us', 'senderName': 'Максим'}, 'messageData': {'typeMessage': 'textMessage', 'textMessageData': {'textMessage': '5'}}}
2023-04-16 13:22:37,722 <whatsapp_api_client_python.response.Response object at 0x0000027FD6F19550>
2023-04-16 13:22:37,722 {'typeWebhook': 'incomingMessageReceived', 'instanceData': {'idInstance': 1101807848, 'wid': '79780889999@c.us', 'typeInstance': 'whatsapp'}, 'timestamp': 1681568904, 'idMessage': '3A7C25DD7C1CBC17E261', 'senderData': {'chatId': '79787390119@c.us', 'sender': '79787390119@c.us', 'senderName': 'Оксана'}, 'messageData': {'typeMessage': 'textMessage', 'textMessageData': {'textMessage': 'Здравствуйте. Спасибо\u2764\ufe0f Всё очень понравилось. Это твердая 5!'}}}
2023-04-16 13:22:42,316 <whatsapp_api_client_python.response.Response object at 0x0000027FD6F19A90>
2023-04-16 13:22:42,316 {'typeWebhook': 'incomingMessageReceived', 'instanceData': {'idInstance': 1101807848, 'wid': '79780889999@c.us', 'typeInstance': 'whatsapp'}, 'timestamp': 1681568954, 'idMessage': '3A96DC6D0ED32A5BD9BC', 'senderData': {'chatId': '79152574988@c.us', 'sender': '79152574988@c.us', 'senderName': 'Марина'}, 'messageData': {'typeMessage': 'textMessage', 'textMessageData': {'textMessage': '5'}}}
2023-04-16 13:22:52,577 <whatsapp_api_client_python.response.Response object at 0x0000027FD6F33F90>
2023-04-16 13:22:52,577 {'typeWebhook': 'incomingMessageReceived', 'instanceData': {'idInstance': 1101807848, 'wid': '79780889999@c.us', 'typeInstance': 'whatsapp'}, 'timestamp': 1681569233, 'idMessage': '3A7D61B4E853AE9AFF83', 'senderData': {'chatId': '79786315197@c.us', 'sender': '79786315197@c.us', 'senderName': 'Css-1'}, 'messageData': {'typeMessage': 'textMessage', 'textMessageData': {'textMessage': '5'}}}
2023-04-16 13:22:55,271 <whatsapp_api_client_python.response.Response object at 0x0000027FD6F42A10>
2023-04-16 13:22:55,271 {'typeWebhook': 'incomingMessageReceived', 'instanceData': {'idInstance': 1101807848, 'wid': '79780889999@c.us', 'typeInstance': 'whatsapp'}, 'timestamp': 1681569350, 'idMessage': '5FDC9D340638811CF48C6555D065DBE4', 'senderData': {'chatId': '79788779927@c.us', 'sender': '79788779927@c.us', 'senderName': 'Инна'}, 'messageData': {'typeMessage': 'textMessage', 'textMessageData': {'textMessage': '4'}}}
2023-04-16 13:22:57,912 <whatsapp_api_client_python.response.Response object at 0x0000027FD6F19550>
2023-04-16 13:22:57,912 {'typeWebhook': 'incomingMessageReceived', 'instanceData': {'idInstance': 1101807848, 'wid': '79780889999@c.us', 'typeInstance': 'whatsapp'}, 'timestamp': 1681569402, 'idMessage': '8B89EB9886F661ECC087A80E688B8F34', 'senderData': {'chatId': '79788120036@c.us', 'sender': '79788120036@c.us', 'senderName': 'Александр'}, 'messageData': {'typeMessage': 'textMessage', 'textMessageData': {'textMessage': '5'}}}
2023-04-16 13:23:02,743 <whatsapp_api_client_python.response.Response object at 0x0000027FD6F43450>
2023-04-16 13:23:02,743 {'typeWebhook': 'incomingMessageReceived', 'instanceData': {'idInstance': 1101807848, 'wid': '79780889999@c.us', 'typeInstance': 'whatsapp'}, 'timestamp': 1681569529, 'idMessage': '62960938640D58FB78094925AF35DBDA', 'senderData': {'chatId': '79785502057@c.us', 'sender': '79785502057@c.us', 'senderName': 'Татьяна'}, 'messageData': {'typeMessage': 'textMessage', 'textMessageData': {'textMessage': '5!'}}}
2023-04-16 13:23:29,977 <whatsapp_api_client_python.response.Response object at 0x0000027FD6F19550>
2023-04-16 13:23:29,977 {'typeWebhook': 'incomingMessageReceived', 'instanceData': {'idInstance': 1101807848, 'wid': '79780889999@c.us', 'typeInstance': 'whatsapp'}, 'timestamp': 1681570273, 'idMessage': '3AB59FBF16571EF2AFA3', 'senderData': {'chatId': '79787240361@c.us', 'sender': '79787240361@c.us', 'senderName': 'Anna'}, 'messageData': {'typeMessage': 'textMessage', 'textMessageData': {'textMessage': '4'}}}
2023-04-16 13:23:34,855 <whatsapp_api_client_python.response.Response object at 0x0000027FD6F19350>
2023-04-16 13:23:34,855 {'typeWebhook': 'incomingMessageReceived', 'instanceData': {'idInstance': 1101807848, 'wid': '79780889999@c.us', 'typeInstance': 'whatsapp'}, 'timestamp': 1681570299, 'idMessage': '3A2C152500B73675958E', 'senderData': {'chatId': '79782880545@c.us', 'sender': '79782880545@c.us', 'senderName': 'Sonya Sonya'}, 'messageData': {'typeMessage': 'textMessage', 'textMessageData': {'textMessage': '4'}}}
2023-04-16 13:23:42,707 <whatsapp_api_client_python.response.Response object at 0x0000027FD6F33D90>
2023-04-16 13:23:42,707 {'typeWebhook': 'incomingMessageReceived', 'instanceData': {'idInstance': 1101807848, 'wid': '79780889999@c.us', 'typeInstance': 'whatsapp'}, 'timestamp': 1681570398, 'idMessage': '93018EAA6175BF9C0D5B0CC8F3551CD9', 'senderData': {'chatId': '79787472171@c.us', 'sender': '79787472171@c.us', 'senderName': 'Виктория'}, 'messageData': {'typeMessage': 'textMessage', 'textMessageData': {'textMessage': '5'}}}
2023-04-16 13:23:45,792 <whatsapp_api_client_python.response.Response object at 0x0000027FD6F32910>
2023-04-16 13:23:45,792 {'typeWebhook': 'incomingMessageReceived', 'instanceData': {'idInstance': 1101807848, 'wid': '79780889999@c.us', 'typeInstance': 'whatsapp'}, 'timestamp': 1681570404, 'idMessage': '8C4975684092F827AF0BF718118D4710', 'senderData': {'chatId': '79788175889@c.us', 'sender': '79788175889@c.us', 'senderName': 'anastasiaraskidnaya98'}, 'messageData': {'typeMessage': 'textMessage', 'textMessageData': {'textMessage': '5!)'}}}
2023-04-16 13:23:55,190 <whatsapp_api_client_python.response.Response object at 0x0000027FD6F32C10>
2023-04-16 13:23:55,191 {'typeWebhook': 'incomingMessageReceived', 'instanceData': {'idInstance': 1101807848, 'wid': '79780889999@c.us', 'typeInstance': 'whatsapp'}, 'timestamp': 1681570561, 'idMessage': '3EB086DC44DF95892F1B12', 'senderData': {'chatId': '79133900426@c.us', 'sender': '79133900426@c.us', 'senderName': 'Сервис меркетинга в мессенджерах'}, 'messageData': {'typeMessage': 'textMessage', 'textMessageData': {'textMessage': 'Рассылка "ОС за 14.04.2023" успешно была отправлена получателям!\n\nВсего получателей: 176\nПолучателей доставлено: 146\nПолучателей без WhatsApp: 30\nСообщений отправлено: 146\nСообщений не отправлено: 30'}}}
2023-04-16 13:23:57,194 <whatsapp_api_client_python.response.Response object at 0x0000027FD6F19350>
2023-04-16 13:23:57,194 {'typeWebhook': 'incomingMessageReceived', 'instanceData': {'idInstance': 1101807848, 'wid': '79780889999@c.us', 'typeInstance': 'whatsapp'}, 'timestamp': 1681570561, 'idMessage': '3EB086DC44DF95892F1B12', 'senderData': {'chatId': '79133900426@c.us', 'sender': '79133900426@c.us', 'senderName': 'Сервис меркетинга в мессенджерах'}, 'messageData': {'typeMessage': 'textMessage', 'textMessageData': {'textMessage': 'Рассылка "ОС за 14.04.2023" успешно была отправлена получателям!\n\nВсего получателей: 176\nПолучателей доставлено: 146\nПолучателей без WhatsApp: 30\nСообщений отправлено: 146\nСообщений не отправлено: 30'}}}
2023-04-16 13:23:59,261 <whatsapp_api_client_python.response.Response object at 0x0000027FD6F19550>
2023-04-16 13:23:59,261 {'typeWebhook': 'incomingMessageReceived', 'instanceData': {'idInstance': 1101807848, 'wid': '79780889999@c.us', 'typeInstance': 'whatsapp'}, 'timestamp': 1681570561, 'idMessage': '3EB086DC44DF95892F1B12', 'senderData': {'chatId': '79133900426@c.us', 'sender': '79133900426@c.us', 'senderName': 'Сервис меркетинга в мессенджерах'}, 'messageData': {'typeMessage': 'textMessage', 'textMessageData': {'textMessage': 'Рассылка "ОС за 14.04.2023" успешно была отправлена получателям!\n\nВсего получателей: 176\nПолучателей доставлено: 146\nПолучателей без WhatsApp: 30\nСообщений отправлено: 146\nСообщений не отправлено: 30'}}}
2023-04-16 13:24:01,271 <whatsapp_api_client_python.response.Response object at 0x0000027FD6F19910>
2023-04-16 13:24:01,271 {'typeWebhook': 'incomingMessageReceived', 'instanceData': {'idInstance': 1101807848, 'wid': '79780889999@c.us', 'typeInstance': 'whatsapp'}, 'timestamp': 1681570561, 'idMessage': '3EB086DC44DF95892F1B12', 'senderData': {'chatId': '79133900426@c.us', 'sender': '79133900426@c.us', 'senderName': 'Сервис меркетинга в мессенджерах'}, 'messageData': {'typeMessage': 'textMessage', 'textMessageData': {'textMessage': 'Рассылка "ОС за 14.04.2023" успешно была отправлена получателям!\n\nВсего получателей: 176\nПолучателей доставлено: 146\nПолучателей без WhatsApp: 30\nСообщений отправлено: 146\nСообщений не отправлено: 30'}}}
2023-04-16 13:24:11,144 <whatsapp_api_client_python.response.Response object at 0x0000027FD6F41850>
2023-04-16 13:24:11,145 {'typeWebhook': 'incomingMessageReceived', 'instanceData': {'idInstance': 1101807848, 'wid': '79780889999@c.us', 'typeInstance': 'whatsapp'}, 'timestamp': 1681572221, 'idMessage': '3A564357669E45FE406B', 'senderData': {'chatId': '79788547686@c.us', 'sender': '79788547686@c.us', 'senderName': 'Екатерина Силенко'}, 'messageData': {'typeMessage': 'textMessage', 'textMessageData': {'textMessage': '4'}}}
2023-04-16 13:24:33,455 <whatsapp_api_client_python.response.Response object at 0x0000027FD6F33F90>
2023-04-16 13:24:33,455 {'typeWebhook': 'incomingMessageReceived', 'instanceData': {'idInstance': 1101807848, 'wid': '79780889999@c.us', 'typeInstance': 'whatsapp'}, 'timestamp': 1681582692, 'idMessage': 'FBDE1801BE75635EC25ED22FF7238065', 'senderData': {'chatId': '79781638025@c.us', 'sender': '79781638025@c.us', 'senderName': 'culkovurij55'}, 'messageData': {'typeMessage': 'textMessage', 'textMessageData': {'textMessage': '5'}}}
2023-04-16 13:24:42,765 <whatsapp_api_client_python.response.Response object at 0x0000027FD6F33C90>
2023-04-16 13:24:42,765 {'typeWebhook': 'incomingMessageReceived', 'instanceData': {'idInstance': 1101807848, 'wid': '79780889999@c.us', 'typeInstance': 'whatsapp'}, 'timestamp': 1681585588, 'idMessage': '3AD18B04EFD4EFCB021F', 'senderData': {'chatId': '79271561280@c.us', 'sender': '79271561280@c.us', 'senderName': 'Иван'}, 'messageData': {'typeMessage': 'textMessage', 'textMessageData': {'textMessage': 'Да, все верно. Еще такой вопрос. У вас есть несколько акционных позиций. Пицца и ролл. Правильно понимаю, что за каждую 1000 заказа можно будет заказть ролл по акционной цене?'}}}
2023-04-16 13:24:48,261 <whatsapp_api_client_python.response.Response object at 0x0000027FD6F40D10>
2023-04-16 13:24:48,261 {'typeWebhook': 'incomingMessageReceived', 'instanceData': {'idInstance': 1101807848, 'wid': '79780889999@c.us', 'typeInstance': 'whatsapp'}, 'timestamp': 1681585970, 'idMessage': '3ACE61AE29E066AE0066', 'senderData': {'chatId': '79271561280@c.us', 'sender': '79271561280@c.us', 'senderName': 'Иван'}, 'messageData': {'typeMessage': 'textMessage', 'textMessageData': {'textMessage': 'Завтра до 12'}}}
2023-04-16 13:24:50,165 <whatsapp_api_client_python.response.Response object at 0x0000027FD6F334D0>
2023-04-16 13:24:50,166 {'typeWebhook': 'incomingMessageReceived', 'instanceData': {'idInstance': 1101807848, 'wid': '79780889999@c.us', 'typeInstance': 'whatsapp'}, 'timestamp': 1681585970, 'idMessage': '3ACE61AE29E066AE0066', 'senderData': {'chatId': '79271561280@c.us', 'sender': '79271561280@c.us', 'senderName': 'Иван'}, 'messageData': {'typeMessage': 'textMessage', 'textMessageData': {'textMessage': 'Завтра до 12'}}}
2023-04-16 13:24:55,531 <whatsapp_api_client_python.response.Response object at 0x0000027FD6F32190>
2023-04-16 13:24:55,531 {'typeWebhook': 'incomingMessageReceived', 'instanceData': {'idInstance': 1101807848, 'wid': '79780889999@c.us', 'typeInstance': 'whatsapp'}, 'timestamp': 1681588157, 'idMessage': '3A84209286675AFB9523', 'senderData': {'chatId': '79781264805@c.us', 'sender': '79781264805@c.us', 'senderName': 'Ритянский'}, 'messageData': {'typeMessage': 'textMessage', 'textMessageData': {'textMessage': '5'}}}
2023-04-16 13:25:13,929 <whatsapp_api_client_python.response.Response object at 0x0000027FD6F19A10>
2023-04-16 13:25:13,929 {'typeWebhook': 'incomingMessageReceived', 'instanceData': {'idInstance': 1101807848, 'wid': '79780889999@c.us', 'typeInstance': 'whatsapp'}, 'timestamp': 1681629733, 'idMessage': '48D421154FD528DCF675280697A2E338', 'senderData': {'chatId': '79787412646@c.us', 'sender': '79787412646@c.us', 'senderName': 'Виктор Телешев'}, 'messageData': {'typeMessage': 'textMessage', 'textMessageData': {'textMessage': '5'}}}
2023-04-16 13:25:23,709 <whatsapp_api_client_python.response.Response object at 0x0000027FD6F301D0>
2023-04-16 13:25:23,709 {'typeWebhook': 'incomingMessageReceived', 'instanceData': {'idInstance': 1101807848, 'wid': '79780889999@c.us', 'typeInstance': 'whatsapp'}, 'timestamp': 1681635837, 'idMessage': '3EB0809F34CBE31497FEF8', 'senderData': {'chatId': '79133900426@c.us', 'sender': '79133900426@c.us', 'senderName': 'Сервис меркетинга в мессенджерах'}, 'messageData': {'typeMessage': 'textMessage', 'textMessageData': {'textMessage': 'Код подтверждения: 5191'}}}
2023-04-16 13:25:25,768 <whatsapp_api_client_python.response.Response object at 0x0000027FD6F32F10>
2023-04-16 13:25:25,768 {'typeWebhook': 'incomingMessageReceived', 'instanceData': {'idInstance': 1101807848, 'wid': '79780889999@c.us', 'typeInstance': 'whatsapp'}, 'timestamp': 1681635837, 'idMessage': '3EB0809F34CBE31497FEF8', 'senderData': {'chatId': '79133900426@c.us', 'sender': '79133900426@c.us', 'senderName': 'Сервис меркетинга в мессенджерах'}, 'messageData': {'typeMessage': 'textMessage', 'textMessageData': {'textMessage': 'Код подтверждения: 5191'}}}
2023-04-16 13:25:28,290 <whatsapp_api_client_python.response.Response object at 0x0000027FD6F33650>
2023-04-16 13:25:28,290 {'typeWebhook': 'incomingMessageReceived', 'instanceData': {'idInstance': 1101807848, 'wid': '79780889999@c.us', 'typeInstance': 'whatsapp'}, 'timestamp': 1681635991, 'idMessage': '3EB089858875B43DC5503F', 'senderData': {'chatId': '79133900426@c.us', 'sender': '79133900426@c.us', 'senderName': 'Сервис меркетинга в мессенджерах'}, 'messageData': {'typeMessage': 'textMessage', 'textMessageData': {'textMessage': 'Рассылка "ос за 15.04.23" успешно прошла проверку. Теперь её можно запустить в личном кабинете сервиса.\n\nРассылки можно запускать с любых номеров, без ограничений. Более подробно в статье https://dzen.ru/a/Y_kO3kK94z7r44sV'}}}
2023-04-16 13:25:30,410 <whatsapp_api_client_python.response.Response object at 0x0000027FD6F303D0>
2023-04-16 13:25:30,411 {'typeWebhook': 'incomingMessageReceived', 'instanceData': {'idInstance': 1101807848, 'wid': '79780889999@c.us', 'typeInstance': 'whatsapp'}, 'timestamp': 1681635991, 'idMessage': '3EB089858875B43DC5503F', 'senderData': {'chatId': '79133900426@c.us', 'sender': '79133900426@c.us', 'senderName': 'Сервис меркетинга в мессенджерах'}, 'messageData': {'typeMessage': 'textMessage', 'textMessageData': {'textMessage': 'Рассылка "ос за 15.04.23" успешно прошла проверку. Теперь её можно запустить в личном кабинете сервиса.\n\nРассылки можно запускать с любых номеров, без ограничений. Более подробно в статье https://dzen.ru/a/Y_kO3kK94z7r44sV'}}}
2023-04-16 13:25:32,379 <whatsapp_api_client_python.response.Response object at 0x0000027FD6F33650>
2023-04-16 13:25:32,379 {'typeWebhook': 'incomingMessageReceived', 'instanceData': {'idInstance': 1101807848, 'wid': '79780889999@c.us', 'typeInstance': 'whatsapp'}, 'timestamp': 1681635991, 'idMessage': '3EB089858875B43DC5503F', 'senderData': {'chatId': '79133900426@c.us', 'sender': '79133900426@c.us', 'senderName': 'Сервис меркетинга в мессенджерах'}, 'messageData': {'typeMessage': 'textMessage', 'textMessageData': {'textMessage': 'Рассылка "ос за 15.04.23" успешно прошла проверку. Теперь её можно запустить в личном кабинете сервиса.\n\nРассылки можно запускать с любых номеров, без ограничений. Более подробно в статье https://dzen.ru/a/Y_kO3kK94z7r44sV'}}}
2023-04-16 13:25:34,321 <whatsapp_api_client_python.response.Response object at 0x0000027FD6F303D0>
2023-04-16 13:25:34,321 {'typeWebhook': 'incomingMessageReceived', 'instanceData': {'idInstance': 1101807848, 'wid': '79780889999@c.us', 'typeInstance': 'whatsapp'}, 'timestamp': 1681635991, 'idMessage': '3EB089858875B43DC5503F', 'senderData': {'chatId': '79133900426@c.us', 'sender': '79133900426@c.us', 'senderName': 'Сервис меркетинга в мессенджерах'}, 'messageData': {'typeMessage': 'textMessage', 'textMessageData': {'textMessage': 'Рассылка "ос за 15.04.23" успешно прошла проверку. Теперь её можно запустить в личном кабинете сервиса.\n\nРассылки можно запускать с любых номеров, без ограничений. Более подробно в статье https://dzen.ru/a/Y_kO3kK94z7r44sV'}}}
2023-04-16 13:25:36,266 <whatsapp_api_client_python.response.Response object at 0x0000027FD6F33650>
2023-04-16 13:25:36,266 {'typeWebhook': 'incomingMessageReceived', 'instanceData': {'idInstance': 1101807848, 'wid': '79780889999@c.us', 'typeInstance': 'whatsapp'}, 'timestamp': 1681635991, 'idMessage': '3EB089858875B43DC5503F', 'senderData': {'chatId': '79133900426@c.us', 'sender': '79133900426@c.us', 'senderName': 'Сервис меркетинга в мессенджерах'}, 'messageData': {'typeMessage': 'textMessage', 'textMessageData': {'textMessage': 'Рассылка "ос за 15.04.23" успешно прошла проверку. Теперь её можно запустить в личном кабинете сервиса.\n\nРассылки можно запускать с любых номеров, без ограничений. Более подробно в статье https://dzen.ru/a/Y_kO3kK94z7r44sV'}}}
2023-04-16 13:25:39,527 <whatsapp_api_client_python.response.Response object at 0x0000027FD6F33550>
2023-04-16 13:25:39,527 {'typeWebhook': 'incomingMessageReceived', 'instanceData': {'idInstance': 1101807848, 'wid': '79780889999@c.us', 'typeInstance': 'whatsapp'}, 'timestamp': 1681636702, 'idMessage': '3AC0CB715591D3F5F69F', 'senderData': {'chatId': '79788541869@c.us', 'sender': '79788541869@c.us', 'senderName': 'Ната'}, 'messageData': {'typeMessage': 'textMessage', 'textMessageData': {'textMessage': 'Парковая 1, к 17.00 спасибо'}}}
2023-04-16 13:25:43,581 <whatsapp_api_client_python.response.Response object at 0x0000027FD6F33A10>
2023-04-16 13:25:43,581 {'typeWebhook': 'incomingMessageReceived', 'instanceData': {'idInstance': 1101807848, 'wid': '79780889999@c.us', 'typeInstance': 'whatsapp'}, 'timestamp': 1681637815, 'idMessage': '3EB0DAC2BDEB4826124711', 'senderData': {'chatId': '79133900426@c.us', 'sender': '79133900426@c.us', 'senderName': 'Сервис меркетинга в мессенджерах'}, 'messageData': {'typeMessage': 'textMessage', 'textMessageData': {'textMessage': 'Запущена рассылка "ос за 15.04.23" с номера 79780889999.'}}}
2023-04-16 13:25:45,318 <whatsapp_api_client_python.response.Response object at 0x0000027FD6F420D0>
2023-04-16 13:25:45,318 {'typeWebhook': 'incomingMessageReceived', 'instanceData': {'idInstance': 1101807848, 'wid': '79780889999@c.us', 'typeInstance': 'whatsapp'}, 'timestamp': 1681637815, 'idMessage': '3EB0DAC2BDEB4826124711', 'senderData': {'chatId': '79133900426@c.us', 'sender': '79133900426@c.us', 'senderName': 'Сервис меркетинга в мессенджерах'}, 'messageData': {'typeMessage': 'textMessage', 'textMessageData': {'textMessage': 'Запущена рассылка "ос за 15.04.23" с номера 79780889999.'}}}
2023-04-16 13:25:47,225 <whatsapp_api_client_python.response.Response object at 0x0000027FD6F33F50>
2023-04-16 13:25:47,225 {'typeWebhook': 'incomingMessageReceived', 'instanceData': {'idInstance': 1101807848, 'wid': '79780889999@c.us', 'typeInstance': 'whatsapp'}, 'timestamp': 1681637815, 'idMessage': '3EB0DAC2BDEB4826124711', 'senderData': {'chatId': '79133900426@c.us', 'sender': '79133900426@c.us', 'senderName': 'Сервис меркетинга в мессенджерах'}, 'messageData': {'typeMessage': 'textMessage', 'textMessageData': {'textMessage': 'Запущена рассылка "ос за 15.04.23" с номера 79780889999.'}}}
2023-04-16 13:25:49,071 <whatsapp_api_client_python.response.Response object at 0x0000027FD6F33A10>
2023-04-16 13:25:49,071 {'typeWebhook': 'incomingMessageReceived', 'instanceData': {'idInstance': 1101807848, 'wid': '79780889999@c.us', 'typeInstance': 'whatsapp'}, 'timestamp': 1681637815, 'idMessage': '3EB0DAC2BDEB4826124711', 'senderData': {'chatId': '79133900426@c.us', 'sender': '79133900426@c.us', 'senderName': 'Сервис меркетинга в мессенджерах'}, 'messageData': {'typeMessage': 'textMessage', 'textMessageData': {'textMessage': 'Запущена рассылка "ос за 15.04.23" с номера 79780889999.'}}}
2023-04-16 13:25:50,884 <whatsapp_api_client_python.response.Response object at 0x0000027FD6F321D0>
2023-04-16 13:25:50,884 {'typeWebhook': 'incomingMessageReceived', 'instanceData': {'idInstance': 1101807848, 'wid': '79780889999@c.us', 'typeInstance': 'whatsapp'}, 'timestamp': 1681637815, 'idMessage': '3EB0DAC2BDEB4826124711', 'senderData': {'chatId': '79133900426@c.us', 'sender': '79133900426@c.us', 'senderName': 'Сервис меркетинга в мессенджерах'}, 'messageData': {'typeMessage': 'textMessage', 'textMessageData': {'textMessage': 'Запущена рассылка "ос за 15.04.23" с номера 79780889999.'}}}
2023-04-16 13:26:04,459 <whatsapp_api_client_python.response.Response object at 0x0000027FD6F41050>
2023-04-16 13:26:04,459 {'typeWebhook': 'incomingMessageReceived', 'instanceData': {'idInstance': 1101807848, 'wid': '79780889999@c.us', 'typeInstance': 'whatsapp'}, 'timestamp': 1681638193, 'idMessage': '3A3194F7B49DCFF48289', 'senderData': {'chatId': '79787561090@c.us', 'sender': '79787561090@c.us', 'senderName': 'Валентина Лимарева'}, 'messageData': {'typeMessage': 'textMessage', 'textMessageData': {'textMessage': '5 \U0001f91a'}}}
2023-04-16 13:26:18,490 <whatsapp_api_client_python.response.Response object at 0x0000027FD6F32E90>
2023-04-16 13:26:18,490 {'typeWebhook': 'incomingMessageReceived', 'instanceData': {'idInstance': 1101807848, 'wid': '79780889999@c.us', 'typeInstance': 'whatsapp'}, 'timestamp': 1681638670, 'idMessage': 'FC50EDC318726A68F4F17BF93AEBBA05', 'senderData': {'chatId': '79786226188@c.us', 'sender': '79786226188@c.us', 'senderName': 'TE14522'}, 'messageData': {'typeMessage': 'textMessage', 'textMessageData': {'textMessage': '5'}}}
2023-04-16 13:26:22,226 <whatsapp_api_client_python.response.Response object at 0x0000027FD6F31410>
2023-04-16 13:26:22,226 {'typeWebhook': 'incomingMessageReceived', 'instanceData': {'idInstance': 1101807848, 'wid': '79780889999@c.us', 'typeInstance': 'whatsapp'}, 'timestamp': 1681638702, 'idMessage': '4E256D2C405D484525F1AE88D2CA9AE1', 'senderData': {'chatId': '79788120036@c.us', 'sender': '79788120036@c.us', 'senderName': 'Александр'}, 'messageData': {'typeMessage': 'textMessage', 'textMessageData': {'textMessage': '5'}}}
2023-04-16 13:26:29,569 <whatsapp_api_client_python.response.Response object at 0x0000027FD6F32B10>
2023-04-16 13:26:29,569 {'typeWebhook': 'incomingMessageReceived', 'instanceData': {'idInstance': 1101807848, 'wid': '79780889999@c.us', 'typeInstance': 'whatsapp'}, 'timestamp': 1681638985, 'idMessage': '3A6F39357646EFB3FB99', 'senderData': {'chatId': '79781335054@c.us', 'sender': '79781335054@c.us', 'senderName': 'Nu Takoooee'}, 'messageData': {'typeMessage': 'textMessage', 'textMessageData': {'textMessage': '5'}}}
2023-04-16 13:26:41,284 <whatsapp_api_client_python.response.Response object at 0x0000027FD6F32ED0>
2023-04-16 13:26:41,284 {'typeWebhook': 'incomingMessageReceived', 'instanceData': {'idInstance': 1101807848, 'wid': '79780889999@c.us', 'typeInstance': 'whatsapp'}, 'timestamp': 1681639671, 'idMessage': '3A22C2D7E7979CE0F57C', 'senderData': {'chatId': '79788045367@c.us', 'sender': '79788045367@c.us', 'senderName': 'Александр'}, 'messageData': {'typeMessage': 'textMessage', 'textMessageData': {'textMessage': '5'}}}
2023-04-16 13:27:01,220 <whatsapp_api_client_python.response.Response object at 0x0000027FD6F30510>
2023-04-16 13:27:01,220 {'typeWebhook': 'incomingMessageReceived', 'instanceData': {'idInstance': 1101807848, 'wid': '79780889999@c.us', 'typeInstance': 'whatsapp'}, 'timestamp': 1681640316, 'idMessage': '8EF0CB7C0E771216C41A19A0925282E8', 'senderData': {'chatId': '79787919924@c.us', 'sender': '79787919924@c.us', 'senderName': 'Екатерина'}, 'messageData': {'typeMessage': 'textMessage', 'textMessageData': {'textMessage': 'Роллы были в принципе вкусные. Начинка однообразная в сете. (Два вида роллов просто с сыром)\nЗапечанные роллы это вообще что-то с чем-то. Их подача 0 из 5. Роллы с тепурой - разваливался, темпура не однородная со всех сторон. Ролл подарок - каша. Да всего много и шапка запеченная. Но не понятна граница между роллом. Взять и розъединить их было очень сложно. В общем они тоже разваливались. \nЗапечённые с мидией в принципе вкусные (в других местах обычно шапка спайс) тут же не было этой ожидаемой остринки. Тоже роллы разваливались. Пицца была вкусная, немного поджарилась (точечно) не критично. \nВ целом вкусно. \nЗа вкус: 4 (если бы не однообразная начинка была бы 5)\nПодача: 0 \nДоставили во время : 5'}}}
2023-04-16 13:27:03,186 <whatsapp_api_client_python.response.Response object at 0x0000027FD6F33650>
2023-04-16 13:27:03,186 {'typeWebhook': 'incomingMessageReceived', 'instanceData': {'idInstance': 1101807848, 'wid': '79780889999@c.us', 'typeInstance': 'whatsapp'}, 'timestamp': 1681640316, 'idMessage': '8EF0CB7C0E771216C41A19A0925282E8', 'senderData': {'chatId': '79787919924@c.us', 'sender': '79787919924@c.us', 'senderName': 'Екатерина'}, 'messageData': {'typeMessage': 'textMessage', 'textMessageData': {'textMessage': 'Роллы были в принципе вкусные. Начинка однообразная в сете. (Два вида роллов просто с сыром)\nЗапечанные роллы это вообще что-то с чем-то. Их подача 0 из 5. Роллы с тепурой - разваливался, темпура не однородная со всех сторон. Ролл подарок - каша. Да всего много и шапка запеченная. Но не понятна граница между роллом. Взять и розъединить их было очень сложно. В общем они тоже разваливались. \nЗапечённые с мидией в принципе вкусные (в других местах обычно шапка спайс) тут же не было этой ожидаемой остринки. Тоже роллы разваливались. Пицца была вкусная, немного поджарилась (точечно) не критично. \nВ целом вкусно. \nЗа вкус: 4 (если бы не однообразная начинка была бы 5)\nПодача: 0 \nДоставили во время : 5'}}}
2023-04-16 13:38:31,891 <whatsapp_api_client_python.response.Response object at 0x0000027FD6F43590>
2023-04-16 13:38:31,891 {'typeWebhook': 'incomingMessageReceived', 'instanceData': {'idInstance': 1101807848, 'wid': '79780889999@c.us', 'typeInstance': 'whatsapp'}, 'timestamp': 1681641511, 'idMessage': '3AF8CEF9A7BDD3E81A3E', 'senderData': {'chatId': '79185435233@c.us', 'sender': '79185435233@c.us', 'senderName': 'Maria'}, 'messageData': {'typeMessage': 'textMessage', 'textMessageData': {'textMessage': '4'}}}
2023-04-16 13:51:51,335 <whatsapp_api_client_python.response.Response object at 0x0000027FD6F32B50>
2023-04-16 13:51:51,336 {'typeWebhook': 'incomingMessageReceived', 'instanceData': {'idInstance': 1101807848, 'wid': '79780889999@c.us', 'typeInstance': 'whatsapp'}, 'timestamp': 1681642311, 'idMessage': '3EB02CD33504AD326E49', 'senderData': {'chatId': '79789182003@c.us', 'sender': '79789182003@c.us', 'senderName': 'Мария'}, 'messageData': {'typeMessage': 'textMessage', 'textMessageData': {'textMessage': '5'}}}
2023-04-16 14:03:59,038 <whatsapp_api_client_python.response.Response object at 0x0000027FD6F40250>
2023-04-16 14:03:59,038 {'typeWebhook': 'incomingMessageReceived', 'instanceData': {'idInstance': 1101807848, 'wid': '79780889999@c.us', 'typeInstance': 'whatsapp'}, 'timestamp': 1681643038, 'idMessage': 'C65CFFB27ACEFD8338CA3A0204C1F9DA', 'senderData': {'chatId': '79788672468@c.us', 'sender': '79788672468@c.us', 'senderName': 'Елена'}, 'messageData': {'typeMessage': 'textMessage', 'textMessageData': {'textMessage': 'Всё вкусно на 5, а вот косточки которые остались в рыбке в каких-то ролах ) на 3)'}}}
2023-04-16 14:04:01,449 <whatsapp_api_client_python.response.Response object at 0x0000027FD6F40650>
2023-04-16 14:04:01,449 {'typeWebhook': 'incomingMessageReceived', 'instanceData': {'idInstance': 1101807848, 'wid': '79780889999@c.us', 'typeInstance': 'whatsapp'}, 'timestamp': 1681643038, 'idMessage': 'C65CFFB27ACEFD8338CA3A0204C1F9DA', 'senderData': {'chatId': '79788672468@c.us', 'sender': '79788672468@c.us', 'senderName': 'Елена'}, 'messageData': {'typeMessage': 'textMessage', 'textMessageData': {'textMessage': 'Всё вкусно на 5, а вот косточки которые остались в рыбке в каких-то ролах ) на 3)'}}}
2023-04-16 14:08:40,064 <whatsapp_api_client_python.response.Response object at 0x0000027FD6F43AD0>
2023-04-16 14:08:40,065 {'typeWebhook': 'incomingMessageReceived', 'instanceData': {'idInstance': 1101807848, 'wid': '79780889999@c.us', 'typeInstance': 'whatsapp'}, 'timestamp': 1681643319, 'idMessage': '3AF06951A245B20A0965', 'senderData': {'chatId': '79788267837@c.us', 'sender': '79788267837@c.us', 'senderName': 'Владик'}, 'messageData': {'typeMessage': 'textMessage', 'textMessageData': {'textMessage': '5'}}}
2023-04-16 14:10:43,653 <whatsapp_api_client_python.response.Response object at 0x0000027FD6F31590>
2023-04-16 14:10:43,653 {'typeWebhook': 'incomingMessageReceived', 'instanceData': {'idInstance': 1101807848, 'wid': '79780889999@c.us', 'typeInstance': 'whatsapp'}, 'timestamp': 1681643443, 'idMessage': '3EB0D7DFA83B2D7FC2BD6E', 'senderData': {'chatId': '79133900426@c.us', 'sender': '79133900426@c.us', 'senderName': 'Сервис меркетинга в мессенджерах'}, 'messageData': {'typeMessage': 'textMessage', 'textMessageData': {'textMessage': 'Рассылка "ос за 15.04.23" успешно была отправлена получателям!\n\nВсего получателей: 135\nПолучателей доставлено: 106\nПолучателей без WhatsApp: 29\nСообщений отправлено: 106\nСообщений не отправлено: 29'}}}
2023-04-16 14:10:45,767 <whatsapp_api_client_python.response.Response object at 0x0000027FD6F32550>
2023-04-16 14:10:45,767 {'typeWebhook': 'incomingMessageReceived', 'instanceData': {'idInstance': 1101807848, 'wid': '79780889999@c.us', 'typeInstance': 'whatsapp'}, 'timestamp': 1681643443, 'idMessage': '3EB0D7DFA83B2D7FC2BD6E', 'senderData': {'chatId': '79133900426@c.us', 'sender': '79133900426@c.us', 'senderName': 'Сервис меркетинга в мессенджерах'}, 'messageData': {'typeMessage': 'textMessage', 'textMessageData': {'textMessage': 'Рассылка "ос за 15.04.23" успешно была отправлена получателям!\n\nВсего получателей: 135\nПолучателей доставлено: 106\nПолучателей без WhatsApp: 29\nСообщений отправлено: 106\nСообщений не отправлено: 29'}}}
2023-04-16 14:10:47,950 <whatsapp_api_client_python.response.Response object at 0x0000027FD6F31590>
2023-04-16 14:10:47,950 {'typeWebhook': 'incomingMessageReceived', 'instanceData': {'idInstance': 1101807848, 'wid': '79780889999@c.us', 'typeInstance': 'whatsapp'}, 'timestamp': 1681643443, 'idMessage': '3EB0D7DFA83B2D7FC2BD6E', 'senderData': {'chatId': '79133900426@c.us', 'sender': '79133900426@c.us', 'senderName': 'Сервис меркетинга в мессенджерах'}, 'messageData': {'typeMessage': 'textMessage', 'textMessageData': {'textMessage': 'Рассылка "ос за 15.04.23" успешно была отправлена получателям!\n\nВсего получателей: 135\nПолучателей доставлено: 106\nПолучателей без WhatsApp: 29\nСообщений отправлено: 106\nСообщений не отправлено: 29'}}}
2023-04-16 14:10:49,759 <whatsapp_api_client_python.response.Response object at 0x0000027FD6F33590>
2023-04-16 14:10:49,760 {'typeWebhook': 'incomingMessageReceived', 'instanceData': {'idInstance': 1101807848, 'wid': '79780889999@c.us', 'typeInstance': 'whatsapp'}, 'timestamp': 1681643443, 'idMessage': '3EB0D7DFA83B2D7FC2BD6E', 'senderData': {'chatId': '79133900426@c.us', 'sender': '79133900426@c.us', 'senderName': 'Сервис меркетинга в мессенджерах'}, 'messageData': {'typeMessage': 'textMessage', 'textMessageData': {'textMessage': 'Рассылка "ос за 15.04.23" успешно была отправлена получателям!\n\nВсего получателей: 135\nПолучателей доставлено: 106\nПолучателей без WhatsApp: 29\nСообщений отправлено: 106\nСообщений не отправлено: 29'}}}
2023-04-16 14:10:51,844 <whatsapp_api_client_python.response.Response object at 0x0000027FD6F33550>
2023-04-16 14:10:51,845 {'typeWebhook': 'incomingMessageReceived', 'instanceData': {'idInstance': 1101807848, 'wid': '79780889999@c.us', 'typeInstance': 'whatsapp'}, 'timestamp': 1681643443, 'idMessage': '3EB0D7DFA83B2D7FC2BD6E', 'senderData': {'chatId': '79133900426@c.us', 'sender': '79133900426@c.us', 'senderName': 'Сервис меркетинга в мессенджерах'}, 'messageData': {'typeMessage': 'textMessage', 'textMessageData': {'textMessage': 'Рассылка "ос за 15.04.23" успешно была отправлена получателям!\n\nВсего получателей: 135\nПолучателей доставлено: 106\nПолучателей без WhatsApp: 29\nСообщений отправлено: 106\nСообщений не отправлено: 29'}}}
2023-04-16 14:20:32,421 <whatsapp_api_client_python.response.Response object at 0x0000027FD6F33F90>
2023-04-16 14:20:32,422 {'typeWebhook': 'incomingMessageReceived', 'instanceData': {'idInstance': 1101807848, 'wid': '79780889999@c.us', 'typeInstance': 'whatsapp'}, 'timestamp': 1681644032, 'idMessage': 'CD8EEE770E4F0D4ED24DF905E20D3C1D', 'senderData': {'chatId': '79112092659@c.us', 'sender': '79112092659@c.us', 'senderName': 'Анастасия'}, 'messageData': {'typeMessage': 'textMessage', 'textMessageData': {'textMessage': '4 - можно поменьше сливочного сыра класть в роллы, очень много вкуса на себя берет и жирновато. А так всё супер!'}}}
2023-04-16 14:46:07,733 <whatsapp_api_client_python.response.Response object at 0x0000027FD6F32690>
2023-04-16 14:46:07,734 {'typeWebhook': 'incomingMessageReceived', 'instanceData': {'idInstance': 1101807848, 'wid': '79780889999@c.us', 'typeInstance': 'whatsapp'}, 'timestamp': 1681645567, 'idMessage': '4A0AA1F918B7BF45F7CA8DAC34132FBA', 'senderData': {'chatId': '79780224686@c.us', 'sender': '79780224686@c.us', 'senderName': 'Вера'}, 'messageData': {'typeMessage': 'textMessage', 'textMessageData': {'textMessage': '5'}}}
2023-04-16 15:56:05,983 <whatsapp_api_client_python.response.Response object at 0x0000027FD6F41FD0>
2023-04-16 15:56:05,983 {'typeWebhook': 'incomingMessageReceived', 'instanceData': {'idInstance': 1101807848, 'wid': '79780889999@c.us', 'typeInstance': 'whatsapp'}, 'timestamp': 1681649765, 'idMessage': '8A88A9D13D3D17A27A865B3C7C93DD34', 'senderData': {'chatId': '79654518788@c.us', 'sender': '79654518788@c.us', 'senderName': '3\ufe0f\u20e30\ufe0f\u20e3\U0001f1f7\U0001f1fa'}, 'messageData': {'typeMessage': 'textMessage', 'textMessageData': {'textMessage': '5'}}}
2023-04-16 16:16:25,652 <whatsapp_api_client_python.response.Response object at 0x0000027FD6F41450>
2023-04-16 16:16:25,652 {'typeWebhook': 'incomingMessageReceived', 'instanceData': {'idInstance': 1101807848, 'wid': '79780889999@c.us', 'typeInstance': 'whatsapp'}, 'timestamp': 1681650985, 'idMessage': '52FC1532DE03E71975252BB7F7E664BC', 'senderData': {'chatId': '79785030049@c.us', 'sender': '79785030049@c.us', 'senderName': 'Олег'}, 'messageData': {'typeMessage': 'textMessage', 'textMessageData': {'textMessage': '5 балов'}}}
2023-04-16 17:32:51,261 <whatsapp_api_client_python.response.Response object at 0x0000027FD6F32E50>
2023-04-16 17:32:51,261 {'typeWebhook': 'incomingMessageReceived', 'instanceData': {'idInstance': 1101807848, 'wid': '79780889999@c.us', 'typeInstance': 'whatsapp'}, 'timestamp': 1681655570, 'idMessage': 'AFB5815597D2A93C2E840AEE2AC6C2E0', 'senderData': {'chatId': '79788036667@c.us', 'sender': '79788036667@c.us', 'senderName': 'Игорь Александрович'}, 'messageData': {'typeMessage': 'textMessage', 'textMessageData': {'textMessage': '4'}}}
2023-04-17 12:01:19,971 <whatsapp_api_client_python.response.Response object at 0x00000171ADC39E50>
2023-04-17 12:01:19,971 {'typeWebhook': 'incomingMessageReceived', 'instanceData': {'idInstance': 1101807848, 'wid': '79780889999@c.us', 'typeInstance': 'whatsapp'}, 'timestamp': 1681712100, 'idMessage': '6AA17B0CEE2E62A05367CA1FD1F998EC', 'senderData': {'chatId': '79785186491@c.us', 'sender': '79785186491@c.us', 'senderName': 'Кристина Самсонова'}, 'messageData': {'typeMessage': 'textMessage', 'textMessageData': {'textMessage': '5'}}}
2023-04-17 12:08:54,693 <whatsapp_api_client_python.response.Response object at 0x00000171AD786CD0>
2023-04-17 12:08:54,693 {'typeWebhook': 'incomingMessageReceived', 'instanceData': {'idInstance': 1101807848, 'wid': '79780889999@c.us', 'typeInstance': 'whatsapp'}, 'timestamp': 1681722534, 'idMessage': '3AF3546F27B7FDAC38E6', 'senderData': {'chatId': '79787486555@c.us', 'sender': '79787486555@c.us', 'senderName': 'Татьяна Забродина'}, 'messageData': {'typeMessage': 'textMessage', 'textMessageData': {'textMessage': '4'}}}
2023-04-17 12:14:15,520 <whatsapp_api_client_python.response.Response object at 0x00000171AD7993D0>
2023-04-17 12:14:15,520 {'typeWebhook': 'incomingMessageReceived', 'instanceData': {'idInstance': 1101807848, 'wid': '79780889999@c.us', 'typeInstance': 'whatsapp'}, 'timestamp': 1681722855, 'idMessage': '1013356B4F2F759927DAEA8E610925DF', 'senderData': {'chatId': '79787879617@c.us', 'sender': '79787879617@c.us', 'senderName': 'Ivan'}, 'messageData': {'typeMessage': 'textMessage', 'textMessageData': {'textMessage': '5'}}}
2023-04-17 12:15:57,384 <whatsapp_api_client_python.response.Response object at 0x00000171ADC39390>
2023-04-17 12:15:57,385 {'typeWebhook': 'incomingMessageReceived', 'instanceData': {'idInstance': 1101807848, 'wid': '79780889999@c.us', 'typeInstance': 'whatsapp'}, 'timestamp': 1681722956, 'idMessage': '3EB0303BD870BA8F35432D', 'senderData': {'chatId': '79133900426@c.us', 'sender': '79133900426@c.us', 'senderName': 'Сервис меркетинга в мессенджерах'}, 'messageData': {'typeMessage': 'textMessage', 'textMessageData': {'textMessage': 'Запущена рассылка "ос за 16.04.23" с номера 79780889999.'}}}
2023-04-17 12:15:59,249 <whatsapp_api_client_python.response.Response object at 0x00000171ADC5F410>
2023-04-17 12:15:59,250 {'typeWebhook': 'incomingMessageReceived', 'instanceData': {'idInstance': 1101807848, 'wid': '79780889999@c.us', 'typeInstance': 'whatsapp'}, 'timestamp': 1681722956, 'idMessage': '3EB0303BD870BA8F35432D', 'senderData': {'chatId': '79133900426@c.us', 'sender': '79133900426@c.us', 'senderName': 'Сервис меркетинга в мессенджерах'}, 'messageData': {'typeMessage': 'textMessage', 'textMessageData': {'textMessage': 'Запущена рассылка "ос за 16.04.23" с номера 79780889999.'}}}
2023-04-17 12:16:01,120 <whatsapp_api_client_python.response.Response object at 0x00000171ADC39B90>
2023-04-17 12:16:01,120 {'typeWebhook': 'incomingMessageReceived', 'instanceData': {'idInstance': 1101807848, 'wid': '79780889999@c.us', 'typeInstance': 'whatsapp'}, 'timestamp': 1681722956, 'idMessage': '3EB0303BD870BA8F35432D', 'senderData': {'chatId': '79133900426@c.us', 'sender': '79133900426@c.us', 'senderName': 'Сервис меркетинга в мессенджерах'}, 'messageData': {'typeMessage': 'textMessage', 'textMessageData': {'textMessage': 'Запущена рассылка "ос за 16.04.23" с номера 79780889999.'}}}
2023-04-17 12:16:02,957 <whatsapp_api_client_python.response.Response object at 0x00000171ADC395D0>
2023-04-17 12:16:02,957 {'typeWebhook': 'incomingMessageReceived', 'instanceData': {'idInstance': 1101807848, 'wid': '79780889999@c.us', 'typeInstance': 'whatsapp'}, 'timestamp': 1681722956, 'idMessage': '3EB0303BD870BA8F35432D', 'senderData': {'chatId': '79133900426@c.us', 'sender': '79133900426@c.us', 'senderName': 'Сервис меркетинга в мессенджерах'}, 'messageData': {'typeMessage': 'textMessage', 'textMessageData': {'textMessage': 'Запущена рассылка "ос за 16.04.23" с номера 79780889999.'}}}
2023-04-17 12:27:18,043 <whatsapp_api_client_python.response.Response object at 0x00000171AB3CF750>
2023-04-17 12:27:18,043 {'typeWebhook': 'incomingMessageReceived', 'instanceData': {'idInstance': 1101807848, 'wid': '79780889999@c.us', 'typeInstance': 'whatsapp'}, 'timestamp': 1681723637, 'idMessage': '3A7FA6AA323C6B735E01', 'senderData': {'chatId': '79788110450@c.us', 'sender': '79788110450@c.us', 'senderName': 'Анастасия'}, 'messageData': {'typeMessage': 'textMessage', 'textMessageData': {'textMessage': '5 из 5 и ни каплей меньше. Очень вежливая девушка оператор и приятный курьер. Пожелания к заказу действительно выполнили (хотя в других доставках часто забивают на них, что странно). Спасибо Вам за качественную работу и вкусную еду \U0001f970'}}}
2023-04-17 12:32:21,882 <whatsapp_api_client_python.response.Response object at 0x00000171AB117E50>
2023-04-17 12:32:21,882 {'typeWebhook': 'incomingMessageReceived', 'instanceData': {'idInstance': 1101807848, 'wid': '79780889999@c.us', 'typeInstance': 'whatsapp'}, 'timestamp': 1681723940, 'idMessage': '3A581E8FF8C81250FE0B', 'senderData': {'chatId': '79271561280@c.us', 'sender': '79271561280@c.us', 'senderName': 'Иван'}, 'messageData': {'typeMessage': 'textMessage', 'textMessageData': {'textMessage': 'Добрый день!\nСтавлю 5\nЗаказывал и буду заказывать еще!\nХотелось бы побольше салфеток в комплектацию'}}}
2023-04-17 12:37:15,988 <whatsapp_api_client_python.response.Response object at 0x00000171ADC39690>
2023-04-17 12:37:15,988 {'typeWebhook': 'incomingMessageReceived', 'instanceData': {'idInstance': 1101807848, 'wid': '79780889999@c.us', 'typeInstance': 'whatsapp'}, 'timestamp': 1681724235, 'idMessage': '3A3C67F40BF9056C4678', 'senderData': {'chatId': '79788179067@c.us', 'sender': '79788179067@c.us', 'senderName': 'Ника'}, 'messageData': {'typeMessage': 'textMessage', 'textMessageData': {'textMessage': 'Здравствуйте однозначно 5+'}}}
2023-04-17 12:41:11,384 <whatsapp_api_client_python.response.Response object at 0x00000171ADC39950>
2023-04-17 12:41:11,384 {'typeWebhook': 'incomingMessageReceived', 'instanceData': {'idInstance': 1101807848, 'wid': '79780889999@c.us', 'typeInstance': 'whatsapp'}, 'timestamp': 1681724471, 'idMessage': 'B8E80E0E86ACC1DBF672B8178883FA9F', 'senderData': {'chatId': '79781737451@c.us', 'sender': '79781737451@c.us', 'senderName': 'Светка Сова'}, 'messageData': {'typeMessage': 'textMessage', 'textMessageData': {'textMessage': 'Спасибо все было очень вкусно и качественно из всех доставок от вашей в восторге ставлю 5 за вкусную еду доставку быструю и кросивую упаковку еды!!!'}}}
2023-04-17 12:43:25,086 <whatsapp_api_client_python.response.Response object at 0x00000171ADC536D0>
2023-04-17 12:43:25,086 {'typeWebhook': 'incomingMessageReceived', 'instanceData': {'idInstance': 1101807848, 'wid': '79780889999@c.us', 'typeInstance': 'whatsapp'}, 'timestamp': 1681724604, 'idMessage': '80476BF4E6A2E4CAC357DD1E130FF477', 'senderData': {'chatId': '79787419781@c.us', 'sender': '79787419781@c.us', 'senderName': 'Мария'}, 'messageData': {'typeMessage': 'textMessage', 'textMessageData': {'textMessage': '4'}}}
2023-04-17 12:45:19,405 <whatsapp_api_client_python.response.Response object at 0x00000171ADC39390>
2023-04-17 12:45:19,406 {'typeWebhook': 'incomingMessageReceived', 'instanceData': {'idInstance': 1101807848, 'wid': '79780889999@c.us', 'typeInstance': 'whatsapp'}, 'timestamp': 1681724719, 'idMessage': '83E3AD40511349553F6CABC5E78E4106', 'senderData': {'chatId': '79785758162@c.us', 'sender': '79785758162@c.us', 'senderName': 'Вадим'}, 'messageData': {'typeMessage': 'textMessage', 'textMessageData': {'textMessage': '5'}}}
2023-04-17 12:47:32,690 <whatsapp_api_client_python.response.Response object at 0x00000171ADC39690>
2023-04-17 12:47:32,690 {'typeWebhook': 'incomingMessageReceived', 'instanceData': {'idInstance': 1101807848, 'wid': '79780889999@c.us', 'typeInstance': 'whatsapp'}, 'timestamp': 1681724852, 'idMessage': '3A913A2253DAB82EA12C', 'senderData': {'chatId': '79787302389@c.us', 'sender': '79787302389@c.us', 'senderName': 'Ольга'}, 'messageData': {'typeMessage': 'textMessage', 'textMessageData': {'textMessage': '5'}}}
2023-04-17 13:01:01,264 <whatsapp_api_client_python.response.Response object at 0x00000171ADC39D50>
2023-04-17 13:01:01,264 {'typeWebhook': 'incomingMessageReceived', 'instanceData': {'idInstance': 1101807848, 'wid': '79780889999@c.us', 'typeInstance': 'whatsapp'}, 'timestamp': 1681725660, 'idMessage': '3A5905784B94CE1EAD73', 'senderData': {'chatId': '79788138572@c.us', 'sender': '79788138572@c.us', 'senderName': 'Дарья Ярышко'}, 'messageData': {'typeMessage': 'textMessage', 'textMessageData': {'textMessage': '5'}}}
2023-04-17 13:06:30,443 <whatsapp_api_client_python.response.Response object at 0x00000171ADC39850>
2023-04-17 13:06:30,444 {'typeWebhook': 'incomingMessageReceived', 'instanceData': {'idInstance': 1101807848, 'wid': '79780889999@c.us', 'typeInstance': 'whatsapp'}, 'timestamp': 1681725990, 'idMessage': '128AF409F0D0751A82537E7D7DFFA4D9', 'senderData': {'chatId': '79780761003@c.us', 'sender': '79780761003@c.us', 'senderName': 'Светлана'}, 'messageData': {'typeMessage': 'textMessage', 'textMessageData': {'textMessage': '5'}}}
2023-04-17 13:08:43,485 <whatsapp_api_client_python.response.Response object at 0x00000171ADC39AD0>
2023-04-17 13:08:43,485 {'typeWebhook': 'incomingMessageReceived', 'instanceData': {'idInstance': 1101807848, 'wid': '79780889999@c.us', 'typeInstance': 'whatsapp'}, 'timestamp': 1681726002, 'idMessage': '31D1A29F2253CD60F184C5C45D463D26', 'senderData': {'chatId': '79787534821@c.us', 'sender': '79787534821@c.us', 'senderName': 'Екатерина'}, 'messageData': {'typeMessage': 'textMessage', 'textMessageData': {'textMessage': '{{SWE001}}'}}}
2023-04-17 13:09:02,059 <whatsapp_api_client_python.response.Response object at 0x00000171ADC3BC50>
2023-04-17 13:09:02,059 {'typeWebhook': 'incomingMessageReceived', 'instanceData': {'idInstance': 1101807848, 'wid': '79780889999@c.us', 'typeInstance': 'whatsapp'}, 'timestamp': 1681726141, 'idMessage': '1487FF194A6CB35E49FB3B08D735EE7B', 'senderData': {'chatId': '79788119910@c.us', 'sender': '79788119910@c.us', 'senderName': 'Viktor'}, 'messageData': {'typeMessage': 'textMessage', 'textMessageData': {'textMessage': '5'}}}
2023-04-17 13:12:44,773 <whatsapp_api_client_python.response.Response object at 0x00000171ADC395D0>
2023-04-17 13:12:44,773 {'typeWebhook': 'incomingMessageReceived', 'instanceData': {'idInstance': 1101807848, 'wid': '79780889999@c.us', 'typeInstance': 'whatsapp'}, 'timestamp': 1681726364, 'idMessage': 'D608B2F817201B38AAD3055D8BFE2872', 'senderData': {'chatId': '79787439952@c.us', 'sender': '79787439952@c.us', 'senderName': 'Ирина Бемм'}, 'messageData': {'typeMessage': 'textMessage', 'textMessageData': {'textMessage': '5'}}}
2023-04-17 13:22:09,648 <whatsapp_api_client_python.response.Response object at 0x00000171ADC39750>
2023-04-17 13:22:09,648 {'typeWebhook': 'incomingMessageReceived', 'instanceData': {'idInstance': 1101807848, 'wid': '79780889999@c.us', 'typeInstance': 'whatsapp'}, 'timestamp': 1681726929, 'idMessage': '3A05994A5FC374E8289B', 'senderData': {'chatId': '79789642410@c.us', 'sender': '79789642410@c.us', 'senderName': 'Анна'}, 'messageData': {'typeMessage': 'textMessage', 'textMessageData': {'textMessage': 'Здравствуйте \n3-\nРоллы не плохие, но все разваливались\nПицца отвратительная, видно что сделано на отвали и приехала холодная'}}}
2023-04-17 13:22:13,338 <whatsapp_api_client_python.response.Response object at 0x00000171ADC39350>
2023-04-17 13:22:13,338 {'typeWebhook': 'incomingMessageReceived', 'instanceData': {'idInstance': 1101807848, 'wid': '79780889999@c.us', 'typeInstance': 'whatsapp'}, 'timestamp': 1681726932, 'idMessage': '1E79083F96C32F8E00C97B51351AC871', 'senderData': {'chatId': '79787104524@c.us', 'sender': '79787104524@c.us', 'senderName': 'Дмитрий'}, 'messageData': {'typeMessage': 'textMessage', 'textMessageData': {'textMessage': '5'}}}
2023-04-17 13:29:24,307 <whatsapp_api_client_python.response.Response object at 0x00000171ADC39A50>
2023-04-17 13:29:24,307 {'typeWebhook': 'incomingMessageReceived', 'instanceData': {'idInstance': 1101807848, 'wid': '79780889999@c.us', 'typeInstance': 'whatsapp'}, 'timestamp': 1681727363, 'idMessage': '3A0FEC09D47528BEE116', 'senderData': {'chatId': '79105935645@c.us', 'sender': '79105935645@c.us', 'senderName': 'Кристина'}, 'messageData': {'typeMessage': 'textMessage', 'textMessageData': {'textMessage': '5'}}}
2023-04-17 13:46:41,720 <whatsapp_api_client_python.response.Response object at 0x00000171ADC53190>
2023-04-17 13:46:41,721 {'typeWebhook': 'incomingMessageReceived', 'instanceData': {'idInstance': 1101807848, 'wid': '79780889999@c.us', 'typeInstance': 'whatsapp'}, 'timestamp': 1681728400, 'idMessage': '66AC034616363CF6A06C04551154153C', 'senderData': {'chatId': '79783132477@c.us', 'sender': '79783132477@c.us', 'senderName': 'Татьянка'}, 'messageData': {'typeMessage': 'textMessage', 'textMessageData': {'textMessage': '5'}}}
2023-04-17 13:47:38,911 <whatsapp_api_client_python.response.Response object at 0x00000171ADC39750>
2023-04-17 13:47:38,911 {'typeWebhook': 'incomingMessageReceived', 'instanceData': {'idInstance': 1101807848, 'wid': '79780889999@c.us', 'typeInstance': 'whatsapp'}, 'timestamp': 1681728458, 'idMessage': '65320BCF94607975D30C7F1B039F684A', 'senderData': {'chatId': '79152777014@c.us', 'sender': '79152777014@c.us', 'senderName': 'Женечка'}, 'messageData': {'typeMessage': 'textMessage', 'textMessageData': {'textMessage': '5'}}}
2023-04-17 13:51:10,807 <whatsapp_api_client_python.response.Response object at 0x00000171ADC39850>
2023-04-17 13:51:10,808 {'typeWebhook': 'incomingMessageReceived', 'instanceData': {'idInstance': 1101807848, 'wid': '79780889999@c.us', 'typeInstance': 'whatsapp'}, 'timestamp': 1681728670, 'idMessage': '2BF42D9BDBFDE54D0CEA035A5EEFD447', 'senderData': {'chatId': '79781128714@c.us', 'sender': '79781128714@c.us', 'senderName': 'thenonameguy295'}, 'messageData': {'typeMessage': 'textMessage', 'textMessageData': {'textMessage': '4'}}}
2023-04-17 13:51:59,518 <whatsapp_api_client_python.response.Response object at 0x00000171ADC39D50>
2023-04-17 13:51:59,518 {'typeWebhook': 'incomingMessageReceived', 'instanceData': {'idInstance': 1101807848, 'wid': '79780889999@c.us', 'typeInstance': 'whatsapp'}, 'timestamp': 1681728719, 'idMessage': '35671A89A13B320BF4121F6E2A063DEB', 'senderData': {'chatId': '79785860970@c.us', 'sender': '79785860970@c.us', 'senderName': 'Сергеевна'}, 'messageData': {'typeMessage': 'textMessage', 'textMessageData': {'textMessage': '5'}}}
2023-04-17 14:11:48,405 <whatsapp_api_client_python.response.Response object at 0x00000171ADC52BD0>
2023-04-17 14:11:48,405 {'typeWebhook': 'incomingMessageReceived', 'instanceData': {'idInstance': 1101807848, 'wid': '79780889999@c.us', 'typeInstance': 'whatsapp'}, 'timestamp': 1681729905, 'idMessage': '3EB0F311A9FAE7320E37C6', 'senderData': {'chatId': '79133900426@c.us', 'sender': '79133900426@c.us', 'senderName': 'Сервис меркетинга в мессенджерах'}, 'messageData': {'typeMessage': 'textMessage', 'textMessageData': {'textMessage': 'Рассылка "ос за 16.04.23" успешно была отправлена получателям!\n\nВсего получателей: 148\nПолучателей доставлено: 121\nПолучателей без WhatsApp: 27\nСообщений отправлено: 121\nСообщений не отправлено: 27'}}}
2023-04-17 14:11:50,732 <whatsapp_api_client_python.response.Response object at 0x00000171ADC39950>
2023-04-17 14:11:50,732 {'typeWebhook': 'incomingMessageReceived', 'instanceData': {'idInstance': 1101807848, 'wid': '79780889999@c.us', 'typeInstance': 'whatsapp'}, 'timestamp': 1681729905, 'idMessage': '3EB0F311A9FAE7320E37C6', 'senderData': {'chatId': '79133900426@c.us', 'sender': '79133900426@c.us', 'senderName': 'Сервис меркетинга в мессенджерах'}, 'messageData': {'typeMessage': 'textMessage', 'textMessageData': {'textMessage': 'Рассылка "ос за 16.04.23" успешно была отправлена получателям!\n\nВсего получателей: 148\nПолучателей доставлено: 121\nПолучателей без WhatsApp: 27\nСообщений отправлено: 121\nСообщений не отправлено: 27'}}}
2023-04-17 14:11:52,685 <whatsapp_api_client_python.response.Response object at 0x00000171ADC53690>
2023-04-17 14:11:52,685 {'typeWebhook': 'incomingMessageReceived', 'instanceData': {'idInstance': 1101807848, 'wid': '79780889999@c.us', 'typeInstance': 'whatsapp'}, 'timestamp': 1681729905, 'idMessage': '3EB0F311A9FAE7320E37C6', 'senderData': {'chatId': '79133900426@c.us', 'sender': '79133900426@c.us', 'senderName': 'Сервис меркетинга в мессенджерах'}, 'messageData': {'typeMessage': 'textMessage', 'textMessageData': {'textMessage': 'Рассылка "ос за 16.04.23" успешно была отправлена получателям!\n\nВсего получателей: 148\nПолучателей доставлено: 121\nПолучателей без WhatsApp: 27\nСообщений отправлено: 121\nСообщений не отправлено: 27'}}}
2023-04-17 14:11:54,930 <whatsapp_api_client_python.response.Response object at 0x00000171ADC39950>
2023-04-17 14:11:54,930 {'typeWebhook': 'incomingMessageReceived', 'instanceData': {'idInstance': 1101807848, 'wid': '79780889999@c.us', 'typeInstance': 'whatsapp'}, 'timestamp': 1681729905, 'idMessage': '3EB0F311A9FAE7320E37C6', 'senderData': {'chatId': '79133900426@c.us', 'sender': '79133900426@c.us', 'senderName': 'Сервис меркетинга в мессенджерах'}, 'messageData': {'typeMessage': 'textMessage', 'textMessageData': {'textMessage': 'Рассылка "ос за 16.04.23" успешно была отправлена получателям!\n\nВсего получателей: 148\nПолучателей доставлено: 121\nПолучателей без WhatsApp: 27\nСообщений отправлено: 121\nСообщений не отправлено: 27'}}}
2023-04-17 14:16:53,559 <whatsapp_api_client_python.response.Response object at 0x00000171ADC39C10>
2023-04-17 14:16:53,559 {'typeWebhook': 'incomingMessageReceived', 'instanceData': {'idInstance': 1101807848, 'wid': '79780889999@c.us', 'typeInstance': 'whatsapp'}, 'timestamp': 1681730212, 'idMessage': '3A477392D4CEE7A8363F', 'senderData': {'chatId': '79787868738@c.us', 'sender': '79787868738@c.us', 'senderName': 'Анастасия'}, 'messageData': {'typeMessage': 'textMessage', 'textMessageData': {'textMessage': '5'}}}
2023-04-17 14:30:10,291 <whatsapp_api_client_python.response.Response object at 0x00000171ADC5F850>
2023-04-17 14:30:10,292 {'typeWebhook': 'incomingMessageReceived', 'instanceData': {'idInstance': 1101807848, 'wid': '79780889999@c.us', 'typeInstance': 'whatsapp'}, 'timestamp': 1681730249, 'idMessage': '3A8246440BB9171ADBA4', 'senderData': {'chatId': '79787830971@c.us', 'sender': '79787830971@c.us', 'senderName': 'Юрий Кирбатов'}, 'messageData': {'typeMessage': 'textMessage', 'textMessageData': {'textMessage': 'Привет! Все отлично! \U0001f44d\U0001f3fb 5'}}}
2023-04-17 14:30:19,249 <whatsapp_api_client_python.response.Response object at 0x0000026BB0A27610>
2023-04-17 14:30:19,250 {'typeWebhook': 'incomingMessageReceived', 'instanceData': {'idInstance': 1101807848, 'wid': '79780889999@c.us', 'typeInstance': 'whatsapp'}, 'timestamp': 1681730249, 'idMessage': '3A8246440BB9171ADBA4', 'senderData': {'chatId': '79787830971@c.us', 'sender': '79787830971@c.us', 'senderName': 'Юрий Кирбатов'}, 'messageData': {'typeMessage': 'textMessage', 'textMessageData': {'textMessage': 'Привет! Все отлично! \U0001f44d\U0001f3fb 5'}}}
2023-04-17 14:30:22,519 <whatsapp_api_client_python.response.Response object at 0x0000026BB0CFD350>
2023-04-17 14:30:22,520 {'typeWebhook': 'incomingMessageReceived', 'instanceData': {'idInstance': 1101807848, 'wid': '79780889999@c.us', 'typeInstance': 'whatsapp'}, 'timestamp': 1681730755, 'idMessage': '3A980B701D335C511CC1', 'senderData': {'chatId': '79502213750@c.us', 'sender': '79502213750@c.us', 'senderName': 'Никита Радзюк'}, 'messageData': {'typeMessage': 'textMessage', 'textMessageData': {'textMessage': '4'}}}
